<?xml version="1.0" encoding="UTF-8" ?>
<testsuite errors="0" failures="0" hostname="eragon-System-Product-Name" name="modele.cartes.CarteTest" skipped="0" tests="26" time="0.05" timestamp="2025-12-05T17:44:18">
  <properties>
[...]
</properties>
  <testcase classname="modele.cartes.CarteTest" name="testEqualsCartesDiffHauteur" time="0.002" />
  <testcase classname="modele.cartes.CarteTest" name="testToStringToutesLesHauteurs" time="0.004" />
  <testcase classname="modele.cartes.CarteTest" name="testEqualsCartesDiffCouleur" time="0.0" />
  <testcase classname="modele.cartes.CarteTest" name="testEqualsCartesDifferentes" time="0.0" />
  <testcase classname="modele.cartes.CarteTest" name="testToStringAsPique" time="0.0" />
  <testcase classname="modele.cartes.CarteTest" name="testGetSymboleTrefle" time="0.0" />
  <testcase classname="modele.cartes.CarteTest" name="testHashCodeDiffCartes" time="0.0" />
  <testcase classname="modele.cartes.CarteTest" name="testConstructeur" time="0.0" />
  <testcase classname="modele.cartes.CarteTest" name="testHashCodeSameCarte" time="0.001" />
  <testcase classname="modele.cartes.CarteTest" name="testGetSymboleCarreau" time="0.0" />
  <testcase classname="modele.cartes.CarteTest" name="testToStringDameTrefle" time="0.0" />
  <testcase classname="modele.cartes.CarteTest" name="testConstructeurAllCouleurs" time="0.0" />
  <testcase classname="modele.cartes.CarteTest" name="testEqualsNull" time="0.0" />
  <testcase classname="modele.cartes.CarteTest" name="testHashCodeMemeObjet" time="0.0" />
  <testcase classname="modele.cartes.CarteTest" name="testToStringAvecCouleurInconnue" time="0.0" />
  <testcase classname="modele.cartes.CarteTest" name="testGetSymboleCoeur" time="0.0" />
  <testcase classname="modele.cartes.CarteTest" name="testGetSymbolePique" time="0.0" />
  <testcase classname="modele.cartes.CarteTest" name="testConstructeurAllHauteurs" time="0.0" />
  <testcase classname="modele.cartes.CarteTest" name="testEqualsSameCartes" time="0.0" />
  <testcase classname="modele.cartes.CarteTest" name="testGetSymboleIncorrect" time="0.0" />
  <testcase classname="modele.cartes.CarteTest" name="testHashCode" time="0.0" />
  <testcase classname="modele.cartes.CarteTest" name="testEqualsSameObjet" time="0.0" />
  <testcase classname="modele.cartes.CarteTest" name="testGetSymboleInconnue" time="0.0" />
  <testcase classname="modele.cartes.CarteTest" name="testToStringRoiCoeur" time="0.0" />
  <testcase classname="modele.cartes.CarteTest" name="testToString10Carreau" time="0.0" />
  <testcase classname="modele.cartes.CarteTest" name="testGetSymboleVide" time="0.0" />
  <system-out><![CDATA[]]></system-out>
  <system-err><![CDATA[]]></system-err>
</testsuite>
