<?xml version="1.0" encoding="UTF-8" ?>
<testsuite errors="0" failures="0" hostname="C304L-122A14.campus.unicaen.fr" name="modele.cartes.JoueurIATest" skipped="0" tests="2" time="0.09" timestamp="2025-11-13T10:12:08">
  <properties>
[...]
</properties>
  <testcase classname="modele.cartes.JoueurIATest" name="testGetMain" time="0.007" />
  <testcase classname="modele.cartes.JoueurIATest" name="testGetNom" time="0.0" />
  <system-out><![CDATA[]]></system-out>
  <system-err><![CDATA[]]></system-err>
</testsuite>
