<?xml version="1.0" encoding="UTF-8" ?>
<testsuite errors="0" failures="0" hostname="eragon-System-Product-Name" name="blackjack.modele.actions.ActionSplitTest" skipped="0" tests="22" time="0.049" timestamp="2025-12-05T17:43:31">
  <properties>
[...]
</properties>
  <testcase classname="blackjack.modele.actions.ActionSplitTest" name="testNePeutPasSpliterCartesDifferentes" time="0.004" />
  <testcase classname="blackjack.modele.actions.ActionSplitTest" name="testExecuter" time="0.001" />
  <testcase classname="blackjack.modele.actions.ActionSplitTest" name="testMainsMarqueesSplit" time="0.0" />
  <testcase classname="blackjack.modele.actions.ActionSplitTest" name="testPeutSpliterAssezJetons" time="0.0" />
  <testcase classname="blackjack.modele.actions.ActionSplitTest" name="testNePeutPlusSpliterApresUnSplit" time="0.0" />
  <testcase classname="blackjack.modele.actions.ActionSplitTest" name="testExecuterDistribueNouvelllesCartes" time="0.0" />
  <testcase classname="blackjack.modele.actions.ActionSplitTest" name="testPeutExecuterAvecMainVide" time="0.0" />
  <testcase classname="blackjack.modele.actions.ActionSplitTest" name="testPeutExecuterAvecJoueurNull" time="0.0" />
  <testcase classname="blackjack.modele.actions.ActionSplitTest" name="testSplitAvecMise50" time="0.001" />
  <testcase classname="blackjack.modele.actions.ActionSplitTest" name="testNePeutPasSpliterAvecTroisCartes" time="0.0" />
  <testcase classname="blackjack.modele.actions.ActionSplitTest" name="testPeutExecuterAvecPaireFigures" time="0.0" />
  <testcase classname="blackjack.modele.actions.ActionSplitTest" name="testSplitAvecPaireDe10" time="0.0" />
  <testcase classname="blackjack.modele.actions.ActionSplitTest" name="testPeutExecuterAvecPaireAs" time="0.0" />
  <testcase classname="blackjack.modele.actions.ActionSplitTest" name="testGetDescription" time="0.0" />
  <testcase classname="blackjack.modele.actions.ActionSplitTest" name="testSplitAvecAs" time="0.0" />
  <testcase classname="blackjack.modele.actions.ActionSplitTest" name="testExecuterAvecJoueurNull" time="0.001" />
  <testcase classname="blackjack.modele.actions.ActionSplitTest" name="testGetNom" time="0.0" />
  <testcase classname="blackjack.modele.actions.ActionSplitTest" name="testNePeutPasSpliterSansJetons" time="0.0" />
  <testcase classname="blackjack.modele.actions.ActionSplitTest" name="testPeutExecuterAvecPaire8" time="0.0" />
  <testcase classname="blackjack.modele.actions.ActionSplitTest" name="testExecuterSansPermission" time="0.001" />
  <testcase classname="blackjack.modele.actions.ActionSplitTest" name="testJoueurAMainActuelleSurPremiereMainApresSplit" time="0.0" />
  <testcase classname="blackjack.modele.actions.ActionSplitTest" name="testNePeutPasSplitPiocheVide" time="0.0" />
  <system-out><![CDATA[]]></system-out>
  <system-err><![CDATA[]]></system-err>
</testsuite>
