<?xml version="1.0" encoding="UTF-8" ?>
<testsuite errors="0" failures="0" hostname="eragon-System-Product-Name" name="blackjack.modele.actions.GestionnaireActionsTest" skipped="0" tests="26" time="0.05" timestamp="2025-12-05T17:43:32">
  <properties>
[...]
</properties>
  <testcase classname="blackjack.modele.actions.GestionnaireActionsTest" name="testEnregistrerActionRemplaceSiMemeNom" time="0.004" />
  <testcase classname="blackjack.modele.actions.GestionnaireActionsTest" name="testObtenirActionsExecutables" time="0.001" />
  <testcase classname="blackjack.modele.actions.GestionnaireActionsTest" name="testExecuterActionInexistante" time="0.0" />
  <testcase classname="blackjack.modele.actions.GestionnaireActionsTest" name="testObtenirToutesLesActions" time="0.0" />
  <testcase classname="blackjack.modele.actions.GestionnaireActionsTest" name="testExecuterActionRester" time="0.0" />
  <testcase classname="blackjack.modele.actions.GestionnaireActionsTest" name="testObtenirActionsExecutablesAvecDoubler" time="0.0" />
  <testcase classname="blackjack.modele.actions.GestionnaireActionsTest" name="testToString" time="0.0" />
  <testcase classname="blackjack.modele.actions.GestionnaireActionsTest" name="testConstructeur" time="0.0" />
  <testcase classname="blackjack.modele.actions.GestionnaireActionsTest" name="testExecuterActionDoubler" time="0.001" />
  <testcase classname="blackjack.modele.actions.GestionnaireActionsTest" name="testEnregistrerActionNull" time="0.0" />
  <testcase classname="blackjack.modele.actions.GestionnaireActionsTest" name="testObtenirActionsExecutablesAvecAssurance" time="0.0" />
  <testcase classname="blackjack.modele.actions.GestionnaireActionsTest" name="testObtenirActionInexistante" time="0.0" />
  <testcase classname="blackjack.modele.actions.GestionnaireActionsTest" name="testObtenirNomsActions" time="0.001" />
  <testcase classname="blackjack.modele.actions.GestionnaireActionsTest" name="testObtenirActionsExecutablesAvecJoueurNull" time="0.0" />
  <testcase classname="blackjack.modele.actions.GestionnaireActionsTest" name="testExecuterActionAvecJoueurNull" time="0.0" />
  <testcase classname="blackjack.modele.actions.GestionnaireActionsTest" name="testReinitialiser" time="0.0" />
  <testcase classname="blackjack.modele.actions.GestionnaireActionsTest" name="testObtenirAction" time="0.001" />
  <testcase classname="blackjack.modele.actions.GestionnaireActionsTest" name="testInitialiserActions" time="0.0" />
  <testcase classname="blackjack.modele.actions.GestionnaireActionsTest" name="testExecuterAction" time="0.0" />
  <testcase classname="blackjack.modele.actions.GestionnaireActionsTest" name="testEnregistrerAction" time="0.0" />
  <testcase classname="blackjack.modele.actions.GestionnaireActionsTest" name="testObtenirActionsExecutablesMainBustee" time="0.0" />
  <testcase classname="blackjack.modele.actions.GestionnaireActionsTest" name="testRetirerActionInexistante" time="0.0" />
  <testcase classname="blackjack.modele.actions.GestionnaireActionsTest" name="testGetNombreActions" time="0.0" />
  <testcase classname="blackjack.modele.actions.GestionnaireActionsTest" name="testRetirerAction" time="0.0" />
  <testcase classname="blackjack.modele.actions.GestionnaireActionsTest" name="testObtenirActionsExecutablesAvecSplit" time="0.0" />
  <testcase classname="blackjack.modele.actions.GestionnaireActionsTest" name="testActionExiste" time="0.0" />
  <system-out><![CDATA[]]></system-out>
  <system-err><![CDATA[]]></system-err>
</testsuite>
