<?xml version="1.0" encoding="UTF-8" ?>
<testsuite errors="0" failures="0" hostname="eragon-System-Product-Name" name="blackjack.modele.jeu.ModeleBlackjackTest" skipped="0" tests="31" time="0.054" timestamp="2025-12-05T17:43:32">
  <properties>
[...]
</properties>
  <testcase classname="blackjack.modele.jeu.ModeleBlackjackTest" name="testSetMiseMinimaleZero" time="0.004" />
  <testcase classname="blackjack.modele.jeu.ModeleBlackjackTest" name="testGetJoueurActifIndex" time="0.0" />
  <testcase classname="blackjack.modele.jeu.ModeleBlackjackTest" name="testDemarrerPartie" time="0.0" />
  <testcase classname="blackjack.modele.jeu.ModeleBlackjackTest" name="testResetPartie" time="0.001" />
  <testcase classname="blackjack.modele.jeu.ModeleBlackjackTest" name="testGetJoueurs" time="0.0" />
  <testcase classname="blackjack.modele.jeu.ModeleBlackjackTest" name="testGetJoueurHumain" time="0.001" />
  <testcase classname="blackjack.modele.jeu.ModeleBlackjackTest" name="testConstructeur" time="0.0" />
  <testcase classname="blackjack.modele.jeu.ModeleBlackjackTest" name="testPartieAvecPlusieursJoueursMixtes" time="0.0" />
  <testcase classname="blackjack.modele.jeu.ModeleBlackjackTest" name="testGetCroupier" time="0.0" />
  <testcase classname="blackjack.modele.jeu.ModeleBlackjackTest" name="testSetMiseMinimale" time="0.0" />
  <testcase classname="blackjack.modele.jeu.ModeleBlackjackTest" name="testGetJoueurActif" time="0.0" />
  <testcase classname="blackjack.modele.jeu.ModeleBlackjackTest" name="testAjouterPlusieursJoueurs" time="0.0" />
  <testcase classname="blackjack.modele.jeu.ModeleBlackjackTest" name="testPartieAvecIA" time="0.0" />
  <testcase classname="blackjack.modele.jeu.ModeleBlackjackTest" name="testPasserAuJoueurSuivant" time="0.0" />
  <testcase classname="blackjack.modele.jeu.ModeleBlackjackTest" name="testExecuterAction" time="0.0" />
  <testcase classname="blackjack.modele.jeu.ModeleBlackjackTest" name="testRetirerJoueurInexistant" time="0.0" />
  <testcase classname="blackjack.modele.jeu.ModeleBlackjackTest" name="testAjouterJoueurNull" time="0.0" />
  <testcase classname="blackjack.modele.jeu.ModeleBlackjackTest" name="testGetCarteVisibleCroupierAvantPartie" time="0.0" />
  <testcase classname="blackjack.modele.jeu.ModeleBlackjackTest" name="testAjouterJoueurDeuxFois" time="0.001" />
  <testcase classname="blackjack.modele.jeu.ModeleBlackjackTest" name="testGetActionsDisponibles" time="0.0" />
  <testcase classname="blackjack.modele.jeu.ModeleBlackjackTest" name="testGetJoueurHumainAucun" time="0.0" />
  <testcase classname="blackjack.modele.jeu.ModeleBlackjackTest" name="testGetJoueursRetourneCopie" time="0.0" />
  <testcase classname="blackjack.modele.jeu.ModeleBlackjackTest" name="testGetNombreJoueurs" time="0.001" />
  <testcase classname="blackjack.modele.jeu.ModeleBlackjackTest" name="testSetMiseMinimaleNegative" time="0.0" />
  <testcase classname="blackjack.modele.jeu.ModeleBlackjackTest" name="testGetPioche" time="0.0" />
  <testcase classname="blackjack.modele.jeu.ModeleBlackjackTest" name="testPartieComplete" time="0.001" />
  <testcase classname="blackjack.modele.jeu.ModeleBlackjackTest" name="testGetGestionnaireActions" time="0.0" />
  <testcase classname="blackjack.modele.jeu.ModeleBlackjackTest" name="testRetirerJoueur" time="0.001" />
  <testcase classname="blackjack.modele.jeu.ModeleBlackjackTest" name="testAjouterJoueur" time="0.0" />
  <testcase classname="blackjack.modele.jeu.ModeleBlackjackTest" name="testGetCarteVisibleCroupier" time="0.0" />
  <testcase classname="blackjack.modele.jeu.ModeleBlackjackTest" name="testTourCroupier" time="0.0" />
  <system-out><![CDATA[]]></system-out>
  <system-err><![CDATA[]]></system-err>
</testsuite>
