<?xml version="1.0" encoding="UTF-8" ?>
<testsuites>
  <testsuite errors="0" failures="0" hostname="eragon-System-Product-Name" id="0" name="ActionAssuranceTest" package="blackjack.modele.actions" skipped="0" tests="21" time="0.052" timestamp="2025-12-05T17:43:31">
      <properties>
[...]
</properties>

      <testcase classname="blackjack.modele.actions.ActionAssuranceTest" name="testNePeutPasExecuterAvecTroisCartes" time="0.004" />

      <testcase classname="blackjack.modele.actions.ActionAssuranceTest" name="testExecuter" time="0.0" />

      <testcase classname="blackjack.modele.actions.ActionAssuranceTest" name="testPeutExecuterAvecMainVide" time="0.0" />

      <testcase classname="blackjack.modele.actions.ActionAssuranceTest" name="testPeutExecuterAvecJoueurNull" time="0.001" />

      <testcase classname="blackjack.modele.actions.ActionAssuranceTest" name="testNePeutPasExecuterSansCroupierMontrantAs" time="0.0" />

      <testcase classname="blackjack.modele.actions.ActionAssuranceTest" name="testNePeutPasExecuterSansJetons" time="0.0" />

      <testcase classname="blackjack.modele.actions.ActionAssuranceTest" name="testExecuterCoutAssuranceMoitieMise" time="0.0" />

      <testcase classname="blackjack.modele.actions.ActionAssuranceTest" name="testAssuranceMarqueMain" time="0.0" />

      <testcase classname="blackjack.modele.actions.ActionAssuranceTest" name="testPeutExecuterNecessiteDeuxCartes" time="0.0" />

      <testcase classname="blackjack.modele.actions.ActionAssuranceTest" name="testAssuranceAvecMiseImpaire" time="0.0" />

      <testcase classname="blackjack.modele.actions.ActionAssuranceTest" name="testGetDescription" time="0.0" />

      <testcase classname="blackjack.modele.actions.ActionAssuranceTest" name="testNePeutPasPrendreAssuranceDeuxFois" time="0.001" />

      <testcase classname="blackjack.modele.actions.ActionAssuranceTest" name="testPeutExecuterAvecCarteVisibleNull" time="0.0" />

      <testcase classname="blackjack.modele.actions.ActionAssuranceTest" name="testExecuterAvecJoueurNull" time="0.0" />

      <testcase classname="blackjack.modele.actions.ActionAssuranceTest" name="testAssuranceAvecMise50" time="0.001" />

      <testcase classname="blackjack.modele.actions.ActionAssuranceTest" name="testGetNom" time="0.0" />

      <testcase classname="blackjack.modele.actions.ActionAssuranceTest" name="testPeutExecuterAvecCroupierMontrantAs" time="0.0" />

      <testcase classname="blackjack.modele.actions.ActionAssuranceTest" name="testNePeutPasExecuterAvecCroupierSans10" time="0.001" />

      <testcase classname="blackjack.modele.actions.ActionAssuranceTest" name="testNePeutPasExecuterAvecMainDejaAssuree" time="0.0" />

      <testcase classname="blackjack.modele.actions.ActionAssuranceTest" name="testPeutExecuterAvecJustesAssezJetons" time="0.0" />

      <testcase classname="blackjack.modele.actions.ActionAssuranceTest" name="testExecuterSansPermission" time="0.001" />

      <system-out><![CDATA[]]></system-out>

      <system-err><![CDATA[]]></system-err>

  </testsuite>
  <testsuite errors="0" failures="0" hostname="eragon-System-Product-Name" id="1" name="ActionDoublerTest" package="blackjack.modele.actions" skipped="0" tests="22" time="0.05" timestamp="2025-12-05T17:43:31">
      <properties>
[...]
</properties>

      <testcase classname="blackjack.modele.actions.ActionDoublerTest" name="testExecuterPeutCauserBuste" time="0.004" />

      <testcase classname="blackjack.modele.actions.ActionDoublerTest" name="testExecuterDiminuePioche" time="0.0" />

      <testcase classname="blackjack.modele.actions.ActionDoublerTest" name="testDoublerAvecMise50" time="0.0" />

      <testcase classname="blackjack.modele.actions.ActionDoublerTest" name="testExecuter" time="0.0" />

      <testcase classname="blackjack.modele.actions.ActionDoublerTest" name="testNePeutPasDoublerAvecScore12" time="0.0" />

      <testcase classname="blackjack.modele.actions.ActionDoublerTest" name="testPeutExecuterAvecMainVide" time="0.0" />

      <testcase classname="blackjack.modele.actions.ActionDoublerTest" name="testPeutExecuterAvecJoueurNull" time="0.0" />

      <testcase classname="blackjack.modele.actions.ActionDoublerTest" name="testPeutExecuterAvecScore10" time="0.0" />

      <testcase classname="blackjack.modele.actions.ActionDoublerTest" name="testPeutExecuterAvecScore11" time="0.0" />

      <testcase classname="blackjack.modele.actions.ActionDoublerTest" name="testNePeutPasDoublerAvecPiocheVide" time="0.0" />

      <testcase classname="blackjack.modele.actions.ActionDoublerTest" name="testPeutDoublerAvecJustesAssezJetons" time="0.001" />

      <testcase classname="blackjack.modele.actions.ActionDoublerTest" name="testNePeutPasDoublerDeuxFois" time="0.0" />

      <testcase classname="blackjack.modele.actions.ActionDoublerTest" name="testGetDescription" time="0.0" />

      <testcase classname="blackjack.modele.actions.ActionDoublerTest" name="testExecuterAvecJoueurNull" time="0.0" />

      <testcase classname="blackjack.modele.actions.ActionDoublerTest" name="testExecuterAjouteUneSeuleCarte" time="0.001" />

      <testcase classname="blackjack.modele.actions.ActionDoublerTest" name="testGetNom" time="0.0" />

      <testcase classname="blackjack.modele.actions.ActionDoublerTest" name="testNePeutPasDoublerSansJetons" time="0.0" />

      <testcase classname="blackjack.modele.actions.ActionDoublerTest" name="testDoublerAvecMise200" time="0.0" />

      <testcase classname="blackjack.modele.actions.ActionDoublerTest" name="testNePeutPasDoublerAvecScore8" time="0.001" />

      <testcase classname="blackjack.modele.actions.ActionDoublerTest" name="testNePeutPasDoublerAvecTroisCartes" time="0.0" />

      <testcase classname="blackjack.modele.actions.ActionDoublerTest" name="testExecuterSansPermission" time="0.0" />

      <testcase classname="blackjack.modele.actions.ActionDoublerTest" name="testPeutExecuterAvecScore9" time="0.0" />

      <system-out><![CDATA[]]></system-out>

      <system-err><![CDATA[]]></system-err>

  </testsuite>
  <testsuite errors="0" failures="0" hostname="eragon-System-Product-Name" id="2" name="ActionResterTest" package="blackjack.modele.actions" skipped="0" tests="18" time="0.05" timestamp="2025-12-05T17:43:31">
      <properties>
[...]
</properties>

      <testcase classname="blackjack.modele.actions.ActionResterTest" name="testExecuterNAjoutePasCarte" time="0.004" />

      <testcase classname="blackjack.modele.actions.ActionResterTest" name="testPeutExecuterAvecScoreBas" time="0.001" />

      <testcase classname="blackjack.modele.actions.ActionResterTest" name="testExecuter" time="0.0" />

      <testcase classname="blackjack.modele.actions.ActionResterTest" name="testPeutExecuterAvecMainNull" time="0.0" />

      <testcase classname="blackjack.modele.actions.ActionResterTest" name="testPeutExecuterAvecJoueurNull" time="0.0" />

      <testcase classname="blackjack.modele.actions.ActionResterTest" name="testPeutExecuterAvecScore17" time="0.0" />

      <testcase classname="blackjack.modele.actions.ActionResterTest" name="testPeutExecuterAvecScore20" time="0.0" />

      <testcase classname="blackjack.modele.actions.ActionResterTest" name="testPeutExecuterAvecScore21" time="0.0" />

      <testcase classname="blackjack.modele.actions.ActionResterTest" name="testPeutToujoursResterSaufSiBuste" time="0.003" />

      <testcase classname="blackjack.modele.actions.ActionResterTest" name="testPeutExecuterAvecMainBustee" time="0.0" />

      <testcase classname="blackjack.modele.actions.ActionResterTest" name="testGetDescription" time="0.0" />

      <testcase classname="blackjack.modele.actions.ActionResterTest" name="testExecuterPlusieursfois" time="0.0" />

      <testcase classname="blackjack.modele.actions.ActionResterTest" name="testPeutExecuterAvecBlackjack" time="0.0" />

      <testcase classname="blackjack.modele.actions.ActionResterTest" name="testExecuterAvecJoueurNull" time="0.0" />

      <testcase classname="blackjack.modele.actions.ActionResterTest" name="testPeutExecuterAvecMainNormale" time="0.0" />

      <testcase classname="blackjack.modele.actions.ActionResterTest" name="testGetNom" time="0.0" />

      <testcase classname="blackjack.modele.actions.ActionResterTest" name="testExecuterNeChangeRien" time="0.0" />

      <testcase classname="blackjack.modele.actions.ActionResterTest" name="testExecuterSansPermission" time="0.0" />

      <system-out><![CDATA[]]></system-out>

      <system-err><![CDATA[]]></system-err>

  </testsuite>
  <testsuite errors="0" failures="0" hostname="eragon-System-Product-Name" id="3" name="ActionSplitTest" package="blackjack.modele.actions" skipped="0" tests="22" time="0.049" timestamp="2025-12-05T17:43:31">
      <properties>
[...]
</properties>

      <testcase classname="blackjack.modele.actions.ActionSplitTest" name="testNePeutPasSpliterCartesDifferentes" time="0.004" />

      <testcase classname="blackjack.modele.actions.ActionSplitTest" name="testExecuter" time="0.001" />

      <testcase classname="blackjack.modele.actions.ActionSplitTest" name="testMainsMarqueesSplit" time="0.0" />

      <testcase classname="blackjack.modele.actions.ActionSplitTest" name="testPeutSpliterAssezJetons" time="0.0" />

      <testcase classname="blackjack.modele.actions.ActionSplitTest" name="testNePeutPlusSpliterApresUnSplit" time="0.0" />

      <testcase classname="blackjack.modele.actions.ActionSplitTest" name="testExecuterDistribueNouvelllesCartes" time="0.0" />

      <testcase classname="blackjack.modele.actions.ActionSplitTest" name="testPeutExecuterAvecMainVide" time="0.0" />

      <testcase classname="blackjack.modele.actions.ActionSplitTest" name="testPeutExecuterAvecJoueurNull" time="0.0" />

      <testcase classname="blackjack.modele.actions.ActionSplitTest" name="testSplitAvecMise50" time="0.001" />

      <testcase classname="blackjack.modele.actions.ActionSplitTest" name="testNePeutPasSpliterAvecTroisCartes" time="0.0" />

      <testcase classname="blackjack.modele.actions.ActionSplitTest" name="testPeutExecuterAvecPaireFigures" time="0.0" />

      <testcase classname="blackjack.modele.actions.ActionSplitTest" name="testSplitAvecPaireDe10" time="0.0" />

      <testcase classname="blackjack.modele.actions.ActionSplitTest" name="testPeutExecuterAvecPaireAs" time="0.0" />

      <testcase classname="blackjack.modele.actions.ActionSplitTest" name="testGetDescription" time="0.0" />

      <testcase classname="blackjack.modele.actions.ActionSplitTest" name="testSplitAvecAs" time="0.0" />

      <testcase classname="blackjack.modele.actions.ActionSplitTest" name="testExecuterAvecJoueurNull" time="0.001" />

      <testcase classname="blackjack.modele.actions.ActionSplitTest" name="testGetNom" time="0.0" />

      <testcase classname="blackjack.modele.actions.ActionSplitTest" name="testNePeutPasSpliterSansJetons" time="0.0" />

      <testcase classname="blackjack.modele.actions.ActionSplitTest" name="testPeutExecuterAvecPaire8" time="0.0" />

      <testcase classname="blackjack.modele.actions.ActionSplitTest" name="testExecuterSansPermission" time="0.001" />

      <testcase classname="blackjack.modele.actions.ActionSplitTest" name="testJoueurAMainActuelleSurPremiereMainApresSplit" time="0.0" />

      <testcase classname="blackjack.modele.actions.ActionSplitTest" name="testNePeutPasSplitPiocheVide" time="0.0" />

      <system-out><![CDATA[]]></system-out>

      <system-err><![CDATA[]]></system-err>

  </testsuite>
  <testsuite errors="0" failures="0" hostname="eragon-System-Product-Name" id="4" name="ActionTirerTest" package="blackjack.modele.actions" skipped="0" tests="15" time="0.048" timestamp="2025-12-05T17:43:31">
      <properties>
[...]
</properties>

      <testcase classname="blackjack.modele.actions.ActionTirerTest" name="testExecuter" time="0.004" />

      <testcase classname="blackjack.modele.actions.ActionTirerTest" name="testPeutExecuterAvecMainVide" time="0.001" />

      <testcase classname="blackjack.modele.actions.ActionTirerTest" name="testPeutExecuterAvecJoueurNull" time="0.0" />

      <testcase classname="blackjack.modele.actions.ActionTirerTest" name="testPeutExecuterAvecScore21" time="0.0" />

      <testcase classname="blackjack.modele.actions.ActionTirerTest" name="testExecuterPlusieursCartes" time="0.001" />

      <testcase classname="blackjack.modele.actions.ActionTirerTest" name="testExecuterJusquaBuste" time="0.0" />

      <testcase classname="blackjack.modele.actions.ActionTirerTest" name="testPeutExecuterAvecPiocheVide" time="0.0" />

      <testcase classname="blackjack.modele.actions.ActionTirerTest" name="testPeutExecuterAvecMainBustee" time="0.0" />

      <testcase classname="blackjack.modele.actions.ActionTirerTest" name="testGetDescription" time="0.0" />

      <testcase classname="blackjack.modele.actions.ActionTirerTest" name="testExecuterModifieScore" time="0.0" />

      <testcase classname="blackjack.modele.actions.ActionTirerTest" name="testPeutExecuterAvecMainDoublee" time="0.0" />

      <testcase classname="blackjack.modele.actions.ActionTirerTest" name="testExecuterAvecJoueurNull" time="0.001" />

      <testcase classname="blackjack.modele.actions.ActionTirerTest" name="testPeutExecuterAvecMainNormale" time="0.0" />

      <testcase classname="blackjack.modele.actions.ActionTirerTest" name="testGetNom" time="0.0" />

      <testcase classname="blackjack.modele.actions.ActionTirerTest" name="testExecuterSansPermission" time="0.0" />

      <system-out><![CDATA[]]></system-out>

      <system-err><![CDATA[]]></system-err>

  </testsuite>
  <testsuite errors="0" failures="0" hostname="eragon-System-Product-Name" id="5" name="GestionnaireActionsTest" package="blackjack.modele.actions" skipped="0" tests="26" time="0.05" timestamp="2025-12-05T17:43:32">
      <properties>
[...]
</properties>

      <testcase classname="blackjack.modele.actions.GestionnaireActionsTest" name="testEnregistrerActionRemplaceSiMemeNom" time="0.004" />

      <testcase classname="blackjack.modele.actions.GestionnaireActionsTest" name="testObtenirActionsExecutables" time="0.001" />

      <testcase classname="blackjack.modele.actions.GestionnaireActionsTest" name="testExecuterActionInexistante" time="0.0" />

      <testcase classname="blackjack.modele.actions.GestionnaireActionsTest" name="testObtenirToutesLesActions" time="0.0" />

      <testcase classname="blackjack.modele.actions.GestionnaireActionsTest" name="testExecuterActionRester" time="0.0" />

      <testcase classname="blackjack.modele.actions.GestionnaireActionsTest" name="testObtenirActionsExecutablesAvecDoubler" time="0.0" />

      <testcase classname="blackjack.modele.actions.GestionnaireActionsTest" name="testToString" time="0.0" />

      <testcase classname="blackjack.modele.actions.GestionnaireActionsTest" name="testConstructeur" time="0.0" />

      <testcase classname="blackjack.modele.actions.GestionnaireActionsTest" name="testExecuterActionDoubler" time="0.001" />

      <testcase classname="blackjack.modele.actions.GestionnaireActionsTest" name="testEnregistrerActionNull" time="0.0" />

      <testcase classname="blackjack.modele.actions.GestionnaireActionsTest" name="testObtenirActionsExecutablesAvecAssurance" time="0.0" />

      <testcase classname="blackjack.modele.actions.GestionnaireActionsTest" name="testObtenirActionInexistante" time="0.0" />

      <testcase classname="blackjack.modele.actions.GestionnaireActionsTest" name="testObtenirNomsActions" time="0.001" />

      <testcase classname="blackjack.modele.actions.GestionnaireActionsTest" name="testObtenirActionsExecutablesAvecJoueurNull" time="0.0" />

      <testcase classname="blackjack.modele.actions.GestionnaireActionsTest" name="testExecuterActionAvecJoueurNull" time="0.0" />

      <testcase classname="blackjack.modele.actions.GestionnaireActionsTest" name="testReinitialiser" time="0.0" />

      <testcase classname="blackjack.modele.actions.GestionnaireActionsTest" name="testObtenirAction" time="0.001" />

      <testcase classname="blackjack.modele.actions.GestionnaireActionsTest" name="testInitialiserActions" time="0.0" />

      <testcase classname="blackjack.modele.actions.GestionnaireActionsTest" name="testExecuterAction" time="0.0" />

      <testcase classname="blackjack.modele.actions.GestionnaireActionsTest" name="testEnregistrerAction" time="0.0" />

      <testcase classname="blackjack.modele.actions.GestionnaireActionsTest" name="testObtenirActionsExecutablesMainBustee" time="0.0" />

      <testcase classname="blackjack.modele.actions.GestionnaireActionsTest" name="testRetirerActionInexistante" time="0.0" />

      <testcase classname="blackjack.modele.actions.GestionnaireActionsTest" name="testGetNombreActions" time="0.0" />

      <testcase classname="blackjack.modele.actions.GestionnaireActionsTest" name="testRetirerAction" time="0.0" />

      <testcase classname="blackjack.modele.actions.GestionnaireActionsTest" name="testObtenirActionsExecutablesAvecSplit" time="0.0" />

      <testcase classname="blackjack.modele.actions.GestionnaireActionsTest" name="testActionExiste" time="0.0" />

      <system-out><![CDATA[]]></system-out>

      <system-err><![CDATA[]]></system-err>

  </testsuite>
  <testsuite errors="0" failures="0" hostname="eragon-System-Product-Name" id="6" name="GestionnairePaquetTest" package="blackjack.modele.jeu" skipped="0" tests="13" time="0.046" timestamp="2025-12-05T17:43:32">
      <properties>
[...]
</properties>

      <testcase classname="blackjack.modele.jeu.GestionnairePaquetTest" name="testDistribuerCarteCroupierAvecPaquetVide" time="0.003" />

      <testcase classname="blackjack.modele.jeu.GestionnairePaquetTest" name="testPaquetContientToutesLesCartes" time="0.001" />

      <testcase classname="blackjack.modele.jeu.GestionnairePaquetTest" name="testDistribuerCarteJoueurs" time="0.0" />

      <testcase classname="blackjack.modele.jeu.GestionnairePaquetTest" name="testConstructeur" time="0.0" />

      <testcase classname="blackjack.modele.jeu.GestionnairePaquetTest" name="testRemelanger" time="0.001" />

      <testcase classname="blackjack.modele.jeu.GestionnairePaquetTest" name="testDistribuerCarteAvecPaquetVide" time="0.0" />

      <testcase classname="blackjack.modele.jeu.GestionnairePaquetTest" name="testDistribuerPlusieursCartes" time="0.0" />

      <testcase classname="blackjack.modele.jeu.GestionnairePaquetTest" name="testDoitRemelangerPaquetVide" time="0.0" />

      <testcase classname="blackjack.modele.jeu.GestionnairePaquetTest" name="testDistribuerAPlusieurJoueurs" time="0.0" />

      <testcase classname="blackjack.modele.jeu.GestionnairePaquetTest" name="testDistributionAleatoire" time="0.0" />

      <testcase classname="blackjack.modele.jeu.GestionnairePaquetTest" name="testGetPaquet" time="0.0" />

      <testcase classname="blackjack.modele.jeu.GestionnairePaquetTest" name="testDistribuerCarteCroupier" time="0.0" />

      <testcase classname="blackjack.modele.jeu.GestionnairePaquetTest" name="testDoitRemelangerPaquetNonVide" time="0.0" />

      <system-out><![CDATA[]]></system-out>

      <system-err><![CDATA[]]></system-err>

  </testsuite>
  <testsuite errors="0" failures="0" hostname="eragon-System-Product-Name" id="7" name="GestionnairePartieTest" package="blackjack.modele.jeu" skipped="0" tests="19" time="0.048" timestamp="2025-12-05T17:43:32">
      <properties>
[...]
</properties>

      <testcase classname="blackjack.modele.jeu.GestionnairePartieTest" name="testResetPartieAvecPlusieursJoueurs" time="0.003" />

      <testcase classname="blackjack.modele.jeu.GestionnairePartieTest" name="testGetJoueurActifIndex" time="0.0" />

      <testcase classname="blackjack.modele.jeu.GestionnairePartieTest" name="testDemarrerPartie" time="0.0" />

      <testcase classname="blackjack.modele.jeu.GestionnairePartieTest" name="testDemarrerPartieAvecBlackjackCroupier" time="0.0" />

      <testcase classname="blackjack.modele.jeu.GestionnairePartieTest" name="testResetPartie" time="0.001" />

      <testcase classname="blackjack.modele.jeu.GestionnairePartieTest" name="testConstructeur" time="0.0" />

      <testcase classname="blackjack.modele.jeu.GestionnairePartieTest" name="testGetEtatPartie" time="0.0" />

      <testcase classname="blackjack.modele.jeu.GestionnairePartieTest" name="testGetJoueurActif" time="0.0" />

      <testcase classname="blackjack.modele.jeu.GestionnairePartieTest" name="testDeterminerGagnantsEgalite" time="0.001" />

      <testcase classname="blackjack.modele.jeu.GestionnairePartieTest" name="testDeterminerGagnantsJoueurBuste" time="0.0" />

      <testcase classname="blackjack.modele.jeu.GestionnairePartieTest" name="testDeterminerGagnantsJoueurGagne" time="0.0" />

      <testcase classname="blackjack.modele.jeu.GestionnairePartieTest" name="testResetPartieRemelangeSiBesoin" time="0.0" />

      <testcase classname="blackjack.modele.jeu.GestionnairePartieTest" name="testTourCroupierTousJoueursBusts" time="0.001" />

      <testcase classname="blackjack.modele.jeu.GestionnairePartieTest" name="testGetJoueurActifNull" time="0.0" />

      <testcase classname="blackjack.modele.jeu.GestionnairePartieTest" name="testPasserAuJoueurSuivantAvecUnSeulJoueur" time="0.0" />

      <testcase classname="blackjack.modele.jeu.GestionnairePartieTest" name="testPasserAuJoueurSuivantAvecDeuxJoueurs" time="0.0" />

      <testcase classname="blackjack.modele.jeu.GestionnairePartieTest" name="testPasserAuJoueurSuivantAvecDeuxMains" time="0.001" />

      <testcase classname="blackjack.modele.jeu.GestionnairePartieTest" name="testTourCroupier" time="0.0" />

      <testcase classname="blackjack.modele.jeu.GestionnairePartieTest" name="testPasserAuJoueurSuivantPlusieursMainsEtPlusieursJoueurs" time="0.0" />

      <system-out><![CDATA[]]></system-out>

      <system-err><![CDATA[]]></system-err>

  </testsuite>
  <testsuite errors="0" failures="0" hostname="eragon-System-Product-Name" id="8" name="ModeleBlackjackTest" package="blackjack.modele.jeu" skipped="0" tests="31" time="0.054" timestamp="2025-12-05T17:43:32">
      <properties>
[...]
</properties>

      <testcase classname="blackjack.modele.jeu.ModeleBlackjackTest" name="testSetMiseMinimaleZero" time="0.004" />

      <testcase classname="blackjack.modele.jeu.ModeleBlackjackTest" name="testGetJoueurActifIndex" time="0.0" />

      <testcase classname="blackjack.modele.jeu.ModeleBlackjackTest" name="testDemarrerPartie" time="0.0" />

      <testcase classname="blackjack.modele.jeu.ModeleBlackjackTest" name="testResetPartie" time="0.001" />

      <testcase classname="blackjack.modele.jeu.ModeleBlackjackTest" name="testGetJoueurs" time="0.0" />

      <testcase classname="blackjack.modele.jeu.ModeleBlackjackTest" name="testGetJoueurHumain" time="0.001" />

      <testcase classname="blackjack.modele.jeu.ModeleBlackjackTest" name="testConstructeur" time="0.0" />

      <testcase classname="blackjack.modele.jeu.ModeleBlackjackTest" name="testPartieAvecPlusieursJoueursMixtes" time="0.0" />

      <testcase classname="blackjack.modele.jeu.ModeleBlackjackTest" name="testGetCroupier" time="0.0" />

      <testcase classname="blackjack.modele.jeu.ModeleBlackjackTest" name="testSetMiseMinimale" time="0.0" />

      <testcase classname="blackjack.modele.jeu.ModeleBlackjackTest" name="testGetJoueurActif" time="0.0" />

      <testcase classname="blackjack.modele.jeu.ModeleBlackjackTest" name="testAjouterPlusieursJoueurs" time="0.0" />

      <testcase classname="blackjack.modele.jeu.ModeleBlackjackTest" name="testPartieAvecIA" time="0.0" />

      <testcase classname="blackjack.modele.jeu.ModeleBlackjackTest" name="testPasserAuJoueurSuivant" time="0.0" />

      <testcase classname="blackjack.modele.jeu.ModeleBlackjackTest" name="testExecuterAction" time="0.0" />

      <testcase classname="blackjack.modele.jeu.ModeleBlackjackTest" name="testRetirerJoueurInexistant" time="0.0" />

      <testcase classname="blackjack.modele.jeu.ModeleBlackjackTest" name="testAjouterJoueurNull" time="0.0" />

      <testcase classname="blackjack.modele.jeu.ModeleBlackjackTest" name="testGetCarteVisibleCroupierAvantPartie" time="0.0" />

      <testcase classname="blackjack.modele.jeu.ModeleBlackjackTest" name="testAjouterJoueurDeuxFois" time="0.001" />

      <testcase classname="blackjack.modele.jeu.ModeleBlackjackTest" name="testGetActionsDisponibles" time="0.0" />

      <testcase classname="blackjack.modele.jeu.ModeleBlackjackTest" name="testGetJoueurHumainAucun" time="0.0" />

      <testcase classname="blackjack.modele.jeu.ModeleBlackjackTest" name="testGetJoueursRetourneCopie" time="0.0" />

      <testcase classname="blackjack.modele.jeu.ModeleBlackjackTest" name="testGetNombreJoueurs" time="0.001" />

      <testcase classname="blackjack.modele.jeu.ModeleBlackjackTest" name="testSetMiseMinimaleNegative" time="0.0" />

      <testcase classname="blackjack.modele.jeu.ModeleBlackjackTest" name="testGetPioche" time="0.0" />

      <testcase classname="blackjack.modele.jeu.ModeleBlackjackTest" name="testPartieComplete" time="0.001" />

      <testcase classname="blackjack.modele.jeu.ModeleBlackjackTest" name="testGetGestionnaireActions" time="0.0" />

      <testcase classname="blackjack.modele.jeu.ModeleBlackjackTest" name="testRetirerJoueur" time="0.001" />

      <testcase classname="blackjack.modele.jeu.ModeleBlackjackTest" name="testAjouterJoueur" time="0.0" />

      <testcase classname="blackjack.modele.jeu.ModeleBlackjackTest" name="testGetCarteVisibleCroupier" time="0.0" />

      <testcase classname="blackjack.modele.jeu.ModeleBlackjackTest" name="testTourCroupier" time="0.0" />

      <system-out><![CDATA[]]></system-out>

      <system-err><![CDATA[]]></system-err>

  </testsuite>
  <testsuite errors="0" failures="0" hostname="eragon-System-Product-Name" id="9" name="CroupierTest" package="blackjack.modele.joueurs" skipped="0" tests="24" time="0.048" timestamp="2025-12-05T17:43:32">
      <properties>
[...]
</properties>

      <testcase classname="blackjack.modele.joueurs.CroupierTest" name="testPasBlackjack" time="0.002" />

      <testcase classname="blackjack.modele.joueurs.CroupierTest" name="testJouerTireTo17" time="0.001" />

      <testcase classname="blackjack.modele.joueurs.CroupierTest" name="testEstBust" time="0.0" />

      <testcase classname="blackjack.modele.joueurs.CroupierTest" name="testGetPaquetVisibleMainVide" time="0.0" />

      <testcase classname="blackjack.modele.joueurs.CroupierTest" name="testPasBust" time="0.0" />

      <testcase classname="blackjack.modele.joueurs.CroupierTest" name="testToString" time="0.001" />

      <testcase classname="blackjack.modele.joueurs.CroupierTest" name="testConstructeur" time="0.0" />

      <testcase classname="blackjack.modele.joueurs.CroupierTest" name="testGetScoreVisible" time="0.0" />

      <testcase classname="blackjack.modele.joueurs.CroupierTest" name="testGetScoreVisibleAvecAs" time="0.0" />

      <testcase classname="blackjack.modele.joueurs.CroupierTest" name="testGetScoreVisible0SiMainVide" time="0.001" />

      <testcase classname="blackjack.modele.joueurs.CroupierTest" name="testJouerPiocheVide" time="0.0" />

      <testcase classname="blackjack.modele.joueurs.CroupierTest" name="testReinitialiserMain" time="0.0" />

      <testcase classname="blackjack.modele.joueurs.CroupierTest" name="testToStringBuste" time="0.0" />

      <testcase classname="blackjack.modele.joueurs.CroupierTest" name="testGetCarteVisibleMainVide" time="0.0" />

      <testcase classname="blackjack.modele.joueurs.CroupierTest" name="testFinJouerSi17" time="0.0" />

      <testcase classname="blackjack.modele.joueurs.CroupierTest" name="testABlackjack" time="0.0" />

      <testcase classname="blackjack.modele.joueurs.CroupierTest" name="testGetCarteVisible" time="0.0" />

      <testcase classname="blackjack.modele.joueurs.CroupierTest" name="testJouerAvecAs" time="0.0" />

      <testcase classname="blackjack.modele.joueurs.CroupierTest" name="testJouerBuster" time="0.001" />

      <testcase classname="blackjack.modele.joueurs.CroupierTest" name="testGetPaquetVisible" time="0.0" />

      <testcase classname="blackjack.modele.joueurs.CroupierTest" name="testAjouterCarte" time="0.0" />

      <testcase classname="blackjack.modele.joueurs.CroupierTest" name="testCacherDeuxiemeCarte" time="0.0" />

      <testcase classname="blackjack.modele.joueurs.CroupierTest" name="testGetScoreVisibleChiffre" time="0.0" />

      <testcase classname="blackjack.modele.joueurs.CroupierTest" name="testAfficherDeuxiemeCarte" time="0.0" />

      <system-out><![CDATA[]]></system-out>

      <system-err><![CDATA[]]></system-err>

  </testsuite>
  <testsuite errors="0" failures="0" hostname="eragon-System-Product-Name" id="10" name="JoueurHumainTest" package="blackjack.modele.joueurs" skipped="0" tests="28" time="0.048" timestamp="2025-12-05T17:43:32">
      <properties>
[...]
</properties>

      <testcase classname="blackjack.modele.joueurs.JoueurHumainTest" name="testGetMainActuelleVide" time="0.002" />

      <testcase classname="blackjack.modele.joueurs.JoueurHumainTest" name="testPasBlackjack" time="0.001" />

      <testcase classname="blackjack.modele.joueurs.JoueurHumainTest" name="testGetMiseActuelle" time="0.0" />

      <testcase classname="blackjack.modele.joueurs.JoueurHumainTest" name="testReinitialiserMains" time="0.0" />

      <testcase classname="blackjack.modele.joueurs.JoueurHumainTest" name="testDemarrerPlusieursMainsConsecutives" time="0.0" />

      <testcase classname="blackjack.modele.joueurs.JoueurHumainTest" name="testGetMains" time="0.0" />

      <testcase classname="blackjack.modele.joueurs.JoueurHumainTest" name="testGetScore" time="0.0" />

      <testcase classname="blackjack.modele.joueurs.JoueurHumainTest" name="testEstBuste" time="0.0" />

      <testcase classname="blackjack.modele.joueurs.JoueurHumainTest" name="testConstructeur" time="0.0" />

      <testcase classname="blackjack.modele.joueurs.JoueurHumainTest" name="testEstHumain" time="0.001" />

      <testcase classname="blackjack.modele.joueurs.JoueurHumainTest" name="testAjouterMain" time="0.0" />

      <testcase classname="blackjack.modele.joueurs.JoueurHumainTest" name="testCrediterJetons" time="0.0" />

      <testcase classname="blackjack.modele.joueurs.JoueurHumainTest" name="testPasserAMainSuivanteDerniereMain" time="0.0" />

      <testcase classname="blackjack.modele.joueurs.JoueurHumainTest" name="testPeutMiser" time="0.0" />

      <testcase classname="blackjack.modele.joueurs.JoueurHumainTest" name="testMultiplesDebitsCredits" time="0.001" />

      <testcase classname="blackjack.modele.joueurs.JoueurHumainTest" name="testGetBilanSession" time="0.0" />

      <testcase classname="blackjack.modele.joueurs.JoueurHumainTest" name="testDebiterJetons" time="0.0" />

      <testcase classname="blackjack.modele.joueurs.JoueurHumainTest" name="testReinitialiserSession" time="0.0" />

      <testcase classname="blackjack.modele.joueurs.JoueurHumainTest" name="testABlackjack" time="0.0" />

      <testcase classname="blackjack.modele.joueurs.JoueurHumainTest" name="testHashCode" time="0.0" />

      <testcase classname="blackjack.modele.joueurs.JoueurHumainTest" name="testAjouterCarte" time="0.0" />

      <testcase classname="blackjack.modele.joueurs.JoueurHumainTest" name="testAjouterCarteSansMain" time="0.0" />

      <testcase classname="blackjack.modele.joueurs.JoueurHumainTest" name="testSetJetons" time="0.0" />

      <testcase classname="blackjack.modele.joueurs.JoueurHumainTest" name="testDemarrerNouvelleMain" time="0.001" />

      <testcase classname="blackjack.modele.joueurs.JoueurHumainTest" name="testEquals" time="0.0" />

      <testcase classname="blackjack.modele.joueurs.JoueurHumainTest" name="testDeuxiemeMain" time="0.0" />

      <testcase classname="blackjack.modele.joueurs.JoueurHumainTest" name="testSetNom" time="0.001" />

      <testcase classname="blackjack.modele.joueurs.JoueurHumainTest" name="testPasserAMainSuivante" time="0.0" />

      <system-out><![CDATA[]]></system-out>

      <system-err><![CDATA[]]></system-err>

  </testsuite>
  <testsuite errors="0" failures="0" hostname="eragon-System-Product-Name" id="11" name="JoueurIATest" package="blackjack.modele.joueurs" skipped="0" tests="13" time="0.055" timestamp="2025-12-05T17:43:33">
      <properties>
[...]
</properties>

      <testcase classname="blackjack.modele.joueurs.JoueurIATest" name="testConstructeur" time="0.002" />

      <testcase classname="blackjack.modele.joueurs.JoueurIATest" name="testEstHumain" time="0.0" />

      <testcase classname="blackjack.modele.joueurs.JoueurIATest" name="testDeterminerMiseMiseMinimaleZero" time="0.0" />

      <testcase classname="blackjack.modele.joueurs.JoueurIATest" name="testIAAvecJetonsZero" time="0.0" />

      <testcase classname="blackjack.modele.joueurs.JoueurIATest" name="testDeterminerMise5PourcentJetons" time="0.0" />

      <testcase classname="blackjack.modele.joueurs.JoueurIATest" name="testDeterminerMiseJetonsInsuffisants" time="0.0" />

      <testcase classname="blackjack.modele.joueurs.JoueurIATest" name="testGetStrategie" time="0.0" />

      <testcase classname="blackjack.modele.joueurs.JoueurIATest" name="testToStringSansStrategie" time="0.009" />

      <testcase classname="blackjack.modele.joueurs.JoueurIATest" name="testGestionBudgetIA" time="0.0" />

      <testcase classname="blackjack.modele.joueurs.JoueurIATest" name="testDeterminerMiseNePasDepasserJetons" time="0.0" />

      <testcase classname="blackjack.modele.joueurs.JoueurIATest" name="testDeterminerMiseAvecJetonsEleves" time="0.0" />

      <testcase classname="blackjack.modele.joueurs.JoueurIATest" name="testMultiplesMainsIA" time="0.001" />

      <testcase classname="blackjack.modele.joueurs.JoueurIATest" name="testDeterminerMiseRespecteMiseMinimale" time="0.0" />

      <system-out><![CDATA[]]></system-out>

      <system-err><![CDATA[]]></system-err>

  </testsuite>
  <testsuite errors="0" failures="0" hostname="eragon-System-Product-Name" id="12" name="MainTest" package="blackjack.modele.joueurs" skipped="0" tests="29" time="0.05" timestamp="2025-12-05T17:43:33">
      <properties>
[...]
</properties>

      <testcase classname="blackjack.modele.joueurs.MainTest" name="testEstBust" time="0.003" />

      <testcase classname="blackjack.modele.joueurs.MainTest" name="testCalculerScoreAs" time="0.0" />

      <testcase classname="blackjack.modele.joueurs.MainTest" name="testPasEstBust" time="0.001" />

      <testcase classname="blackjack.modele.joueurs.MainTest" name="testNePeutPasDoublerScore8" time="0.0" />

      <testcase classname="blackjack.modele.joueurs.MainTest" name="testPasBlackjackSans21" time="0.0" />

      <testcase classname="blackjack.modele.joueurs.MainTest" name="testSplit" time="0.0" />

      <testcase classname="blackjack.modele.joueurs.MainTest" name="testCalculerScorePlusieursAs" time="0.0" />

      <testcase classname="blackjack.modele.joueurs.MainTest" name="testEstBlackjackAsDix" time="0.001" />

      <testcase classname="blackjack.modele.joueurs.MainTest" name="testToString" time="0.0" />

      <testcase classname="blackjack.modele.joueurs.MainTest" name="testConstructeur" time="0.0" />

      <testcase classname="blackjack.modele.joueurs.MainTest" name="testPeutDoublerScore10" time="0.0" />

      <testcase classname="blackjack.modele.joueurs.MainTest" name="testPeutDoublerScore11" time="0.001" />

      <testcase classname="blackjack.modele.joueurs.MainTest" name="testRetirerCarte" time="0.0" />

      <testcase classname="blackjack.modele.joueurs.MainTest" name="testNePeutPasDoublerScore12" time="0.0" />

      <testcase classname="blackjack.modele.joueurs.MainTest" name="testPeutSplitFigures" time="0.0" />

      <testcase classname="blackjack.modele.joueurs.MainTest" name="testReinitialiser" time="0.0" />

      <testcase classname="blackjack.modele.joueurs.MainTest" name="testPeutSplitCartesIdentiques" time="0.001" />

      <testcase classname="blackjack.modele.joueurs.MainTest" name="testEstBlackjackAs" time="0.0" />

      <testcase classname="blackjack.modele.joueurs.MainTest" name="testPeutDoublerScore9" time="0.0" />

      <testcase classname="blackjack.modele.joueurs.MainTest" name="testPeutSplitAs" time="0.0" />

      <testcase classname="blackjack.modele.joueurs.MainTest" name="testNePeutPasDoublerDeuxFois" time="0.0" />

      <testcase classname="blackjack.modele.joueurs.MainTest" name="testNePeutPasSplitAvecTroisCartes" time="0.0" />

      <testcase classname="blackjack.modele.joueurs.MainTest" name="testAjouterCarte" time="0.0" />

      <testcase classname="blackjack.modele.joueurs.MainTest" name="testPasBlackjTroisCartes" time="0.0" />

      <testcase classname="blackjack.modele.joueurs.MainTest" name="testCalculerScoreAsAjuste" time="0.0" />

      <testcase classname="blackjack.modele.joueurs.MainTest" name="testNePeutPasSplitCartesDifferentes" time="0.0" />

      <testcase classname="blackjack.modele.joueurs.MainTest" name="testDoubler" time="0.0" />

      <testcase classname="blackjack.modele.joueurs.MainTest" name="testCalculerScoreCartes" time="0.0" />

      <testcase classname="blackjack.modele.joueurs.MainTest" name="testNePeutPasDoublerAvecTroisCartes" time="0.0" />

      <system-out><![CDATA[]]></system-out>

      <system-err><![CDATA[]]></system-err>

  </testsuite>
</testsuites>
